<?xml version="1.0" encoding="UTF-8"?>
<!-- Generated by org.testng.reporters.JUnitReportReporter -->
<testsuite hostname="DESKTOP-T93JTV2" failures="0" tests="2" name="coverkart.addToCart" time="21.987" errors="0" timestamp="2024-06-25T19:33:48 IST" skipped="0">
  <testcase classname="coverkart.addToCart" name="iP15plusBlack" time="10.185"/>
  <system-out/>
  <testcase classname="coverkart.addToCart" name="iP15plusGrey" time="11.802"/>
  <system-out/>
</testsuite> <!-- coverkart.addToCart -->
