<?xml version="1.0" encoding="UTF-8"?>
<!-- Generated by org.testng.reporters.JUnitReportReporter -->
<testsuite hostname="DESKTOP-T93JTV2" failures="0" tests="3" name="selenium.CrossBrowserScript" time="100.677" errors="0" timestamp="2024-06-17T15:47:09 IST" skipped="0">
  <testcase classname="selenium.CrossBrowserScript" name="testParameterWithXML" time="34.308"/>
  <testcase classname="selenium.CrossBrowserScript" name="testParameterWithXML" time="15.908"/>
  <testcase classname="selenium.CrossBrowserScript" name="testParameterWithXML" time="50.461"/>
</testsuite> <!-- selenium.CrossBrowserScript -->
