<?xml version="1.0" encoding="UTF-8"?>
<!-- Generated by org.testng.reporters.JUnitReportReporter -->
<testsuite hostname="DESKTOP-T93JTV2" failures="0" tests="1" name="testbase.Baseclass" time="2.955" errors="0" timestamp="2024-07-05T12:42:56 IST" skipped="0">
  <testcase classname="testbase.Baseclass" name="f" time="2.955"/>
  <system-out/>
</testsuite> <!-- testbase.Baseclass -->
