<?xml version="1.0" encoding="UTF-8"?>
<!-- Generated by org.testng.reporters.JUnitReportReporter -->
<testsuite hostname="DESKTOP-T93JTV2" failures="0" tests="3" name="fpackage.LoginPage" time="15.339" errors="0" timestamp="2024-07-05T18:42:25 IST" skipped="0">
  <testcase classname="fpackage.LoginPage" name="Blank_Text_Field_should_Not_Accept" time="4.734"/>
  <system-out/>
  <testcase classname="fpackage.LoginPage" name="User_should_be_Enter_In_dashboard" time="5.558"/>
  <system-out/>
  <testcase classname="fpackage.LoginPage" name="User_should_Not_be_Enter_In_dashboard" time="5.047"/>
  <system-out/>
</testsuite> <!-- fpackage.LoginPage -->
