<?xml version="1.0" encoding="UTF-8"?>
<!-- Generated by org.testng.reporters.JUnitReportReporter -->
<testsuite hostname="DESKTOP-T93JTV2" failures="0" tests="2" name="fpackage.fclass" time="22.456" errors="0" timestamp="2024-07-05T15:25:21 IST" skipped="0">
  <testcase classname="fpackage.fclass" name="B" time="11.693"/>
  <system-out/>
  <testcase classname="fpackage.fclass" name="A" time="10.763"/>
  <system-out/>
</testsuite> <!-- fpackage.fclass -->
